<?xml version="1.0" encoding="UTF-8"?>
<testsuite xmlns:xsi="http://www.w3.org/2001/XMLSchema-instance" xsi:noNamespaceSchemaLocation="https://maven.apache.org/surefire/maven-surefire-plugin/xsd/surefire-test-report-3.0.xsd" version="3.0" name="com.exchange.MatchingAlgorithmTest$BasicMatching" time="0.081" tests="3" errors="0" skipped="0" failures="0">
  <properties>
[...]
</properties>
  <testcase name="fullMatchAtSamePrice" classname="com.exchange.MatchingAlgorithmTest$BasicMatching" time="0.005">
    <system-out><![CDATA[20:08:38.293 [main] INFO com.exchange.engine.MatchingAlgorithm -- GTC order 469e43b4-7e40-46d8-b709-db0734f565f1 resting in book, remaining qty=10
20:08:38.293 [main] INFO com.exchange.engine.MatchingAlgorithm -- TRADE: RELIANCE 100.0 @ 100.0 qty=10 buyer=BUYER1 seller=SELLER1
]]></system-out>
  </testcase>
  <testcase name="noMatchWhenPricesDontCross" classname="com.exchange.MatchingAlgorithmTest$BasicMatching" time="0.008">
    <system-out><![CDATA[20:08:38.302 [main] INFO com.exchange.engine.MatchingAlgorithm -- GTC order 64737a1f-1467-414c-bb22-65117f3e2889 resting in book, remaining qty=10
20:08:38.304 [main] INFO com.exchange.engine.MatchingAlgorithm -- GTC order 026b089c-874a-4ef4-a4c3-07138f461c0b resting in book, remaining qty=10
]]></system-out>
  </testcase>
  <testcase name="buyHigherThanSell_matchesAtSellPrice" classname="com.exchange.MatchingAlgorithmTest$BasicMatching" time="0.011">
    <system-out><![CDATA[20:08:38.362 [main] INFO com.exchange.engine.MatchingAlgorithm -- GTC order 44774bdc-1442-421f-b804-8f0880afb706 resting in book, remaining qty=10
20:08:38.363 [main] INFO com.exchange.engine.MatchingAlgorithm -- TRADE: RELIANCE 95.0 @ 95.0 qty=10 buyer=BUYER1 seller=SELLER1
]]></system-out>
  </testcase>
</testsuite>