<?xml version="1.0" encoding="UTF-8"?>
<testsuite xmlns:xsi="http://www.w3.org/2001/XMLSchema-instance" xsi:noNamespaceSchemaLocation="https://maven.apache.org/surefire/maven-surefire-plugin/xsd/surefire-test-report.xsd" version="3.0.2" name="com.exchange.MatchingAlgorithmTest" time="0.98" tests="0" errors="0" skipped="0" failures="0">
  <properties>
[...]
</properties>
  <testcase name="bestPricedSellMatchedFirst" classname="Price-Time Priority" time="0.423">
    <system-out><![CDATA[13:48:35.792 [main] INFO com.exchange.engine.MatchingAlgorithm -- GTC order e2882d13-5c30-4fa1-8373-924c1d39af9b resting in book, remaining qty=5
13:48:35.792 [main] INFO com.exchange.engine.MatchingAlgorithm -- GTC order b7421460-ad3d-4636-83f1-ca11106a55ce resting in book, remaining qty=5
13:48:35.798 [main] INFO com.exchange.engine.MatchingAlgorithm -- TRADE: RELIANCE 98.0 @ 98.0 qty=5 buyer=BUYER1 seller=SELLER_CHEAP
]]></system-out>
    <system-err><![CDATA[Apr 29, 2026 1:48:34 PM org.junit.platform.launcher.core.LauncherConfigurationParameters loadClasspathResource
WARNING: Discovered 3 'junit-platform.properties' configuration files on the classpath (see below); only the first (*) will be used.
- jar:file:/C:/Users/Anurag/.m2/repository/org/apache/kafka/kafka-clients/3.8.1/kafka-clients-3.8.1-test.jar!/junit-platform.properties (*)
- jar:file:/C:/Users/Anurag/.m2/repository/org/apache/kafka/kafka-server-common/3.8.1/kafka-server-common-3.8.1-test.jar!/junit-platform.properties
- jar:file:/C:/Users/Anurag/.m2/repository/org/apache/kafka/kafka_2.13/3.8.1/kafka_2.13-3.8.1-test.jar!/junit-platform.properties
Apr 29, 2026 1:48:34 PM org.junit.platform.launcher.core.LauncherConfigurationParameters loadClasspathResource
WARNING: Discovered 3 'junit-platform.properties' configuration files on the classpath (see below); only the first (*) will be used.
- jar:file:/C:/Users/Anurag/.m2/repository/org/apache/kafka/kafka-clients/3.8.1/kafka-clients-3.8.1-test.jar!/junit-platform.properties (*)
- jar:file:/C:/Users/Anurag/.m2/repository/org/apache/kafka/kafka-server-common/3.8.1/kafka-server-common-3.8.1-test.jar!/junit-platform.properties
- jar:file:/C:/Users/Anurag/.m2/repository/org/apache/kafka/kafka_2.13/3.8.1/kafka_2.13-3.8.1-test.jar!/junit-platform.properties
Apr 29, 2026 1:48:35 PM org.junit.platform.launcher.core.LauncherConfigurationParameters loadClasspathResource
WARNING: Discovered 3 'junit-platform.properties' configuration files on the classpath (see below); only the first (*) will be used.
- jar:file:/C:/Users/Anurag/.m2/repository/org/apache/kafka/kafka-clients/3.8.1/kafka-clients-3.8.1-test.jar!/junit-platform.properties (*)
- jar:file:/C:/Users/Anurag/.m2/repository/org/apache/kafka/kafka-server-common/3.8.1/kafka-server-common-3.8.1-test.jar!/junit-platform.properties
- jar:file:/C:/Users/Anurag/.m2/repository/org/apache/kafka/kafka_2.13/3.8.1/kafka_2.13-3.8.1-test.jar!/junit-platform.properties
]]></system-err>
  </testcase>
  <testcase name="fokFilledWhenSufficientLiquidity" classname="Time-In-Force" time="0.022">
    <system-out><![CDATA[13:48:36.022 [main] INFO com.exchange.engine.MatchingAlgorithm -- GTC order d2cf83bc-c0c4-4623-8f14-3155bbc175cf resting in book, remaining qty=10
13:48:36.039 [main] INFO com.exchange.engine.MatchingAlgorithm -- TRADE: RELIANCE 100.0 @ 100.0 qty=10 buyer=BUYER1 seller=SELLER1
]]></system-out>
  </testcase>
  <testcase name="iocPartialFillCancelsRemainder" classname="Time-In-Force" time="0.02">
    <system-out><![CDATA[13:48:36.080 [main] INFO com.exchange.engine.MatchingAlgorithm -- GTC order 9171adc6-f4b3-484f-82f6-0d739488cc8b resting in book, remaining qty=3
13:48:36.082 [main] INFO com.exchange.engine.MatchingAlgorithm -- TRADE: RELIANCE 100.0 @ 100.0 qty=3 buyer=BUYER1 seller=SELLER1
13:48:36.082 [main] INFO com.exchange.engine.MatchingAlgorithm -- IOC order f0baf0ab-0719-40ca-a375-fbcb9e7b74c5 partially matched, remainder cancelled
]]></system-out>
  </testcase>
  <testcase name="fokCancelledWhenInsufficientLiquidity" classname="Time-In-Force" time="0.008">
    <system-out><![CDATA[13:48:36.106 [main] INFO com.exchange.engine.MatchingAlgorithm -- GTC order ddd23173-41aa-4902-8cf8-e53a9112af88 resting in book, remaining qty=3
13:48:36.106 [main] INFO com.exchange.engine.MatchingAlgorithm -- FOK order eb1fe36d-81c7-4212-a262-64ada148465c cancelled - insufficient liquidity
]]></system-out>
  </testcase>
  <testcase name="largeBuyPartiallyFilled" classname="Partial Fills" time="0.02">
    <system-out><![CDATA[13:48:36.208 [main] INFO com.exchange.engine.MatchingAlgorithm -- GTC order 18d07d23-7bca-4f8c-b4b6-612020105e61 resting in book, remaining qty=5
13:48:36.210 [main] INFO com.exchange.engine.MatchingAlgorithm -- TRADE: RELIANCE 100.0 @ 100.0 qty=5 buyer=BUYER1 seller=SELLER1
13:48:36.211 [main] INFO com.exchange.engine.MatchingAlgorithm -- GTC order 427a95d5-f21a-4974-afe7-8bd6e2d751ac resting in book, remaining qty=5
]]></system-out>
  </testcase>
  <testcase name="largeBuyHitsMultipleSells" classname="Partial Fills" time="0.026">
    <system-out><![CDATA[13:48:36.247 [main] INFO com.exchange.engine.MatchingAlgorithm -- GTC order 4bd43572-482b-4f8f-94a6-5539ee641637 resting in book, remaining qty=5
13:48:36.249 [main] INFO com.exchange.engine.MatchingAlgorithm -- GTC order 6650809b-80c4-4619-bb3f-dca2288afb99 resting in book, remaining qty=5
13:48:36.251 [main] INFO com.exchange.engine.MatchingAlgorithm -- TRADE: RELIANCE 100.0 @ 100.0 qty=5 buyer=BUYER1 seller=SELLER1
13:48:36.253 [main] INFO com.exchange.engine.MatchingAlgorithm -- TRADE: RELIANCE 100.0 @ 100.0 qty=5 buyer=BUYER1 seller=SELLER2
]]></system-out>
  </testcase>
  <testcase name="fullMatchAtSamePrice" classname="Basic Matching" time="0.003">
    <system-out><![CDATA[13:48:36.312 [main] INFO com.exchange.engine.MatchingAlgorithm -- GTC order 6f8cd3fc-9614-4392-a352-d9652944ccac resting in book, remaining qty=10
13:48:36.312 [main] INFO com.exchange.engine.MatchingAlgorithm -- TRADE: RELIANCE 100.0 @ 100.0 qty=10 buyer=BUYER1 seller=SELLER1
]]></system-out>
  </testcase>
  <testcase name="noMatchWhenPricesDontCross" classname="Basic Matching" time="0.024">
    <system-out><![CDATA[13:48:36.338 [main] INFO com.exchange.engine.MatchingAlgorithm -- GTC order e9c259e7-d483-4fa7-a2a2-236b7d70555f resting in book, remaining qty=10
13:48:36.338 [main] INFO com.exchange.engine.MatchingAlgorithm -- GTC order 45c3e658-0f5f-49cb-a5d1-0bcaac200ce0 resting in book, remaining qty=10
]]></system-out>
  </testcase>
  <testcase name="buyHigherThanSell_matchesAtSellPrice" classname="Basic Matching" time="0.014">
    <system-out><![CDATA[13:48:36.389 [main] INFO com.exchange.engine.MatchingAlgorithm -- GTC order 11e99457-f6a5-473a-8436-be20f589386e resting in book, remaining qty=10
13:48:36.391 [main] INFO com.exchange.engine.MatchingAlgorithm -- TRADE: RELIANCE 95.0 @ 95.0 qty=10 buyer=BUYER1 seller=SELLER1
]]></system-out>
  </testcase>
</testsuite>